<?xml version="1.0" encoding="UTF-8"?>
<!-- Generated by org.testng.reporters.JUnitXMLReporter -->
<testsuite ignored="0" hostname="DESKTOP-QF3EJD0" failures="0" tests="4" name="Test" time="0.097" errors="0" timestamp="2022-05-25T20:48:04 IST">
  <testcase classname="Maven_package.Selenium_JavaTest" name="SelJava" time="0.007"/>
  <testcase classname="Maven_package.AppTest" name="shouldAnswerWithTrue" time="0.004"/>
  <testcase classname="Maven_package.App" name="appium" time="0.001"/>
  <testcase classname="Maven_package.AppiumTest" name="appium" time="0.0"/>
</testsuite> <!-- Test -->
