<?xml version="1.0" encoding="UTF-8"?>
<testng-results ignored="0" total="1" passed="1" failed="0" skipped="0">
  <reporter-output>
  </reporter-output>
  <suite started-at="2022-05-25T17:49:30 IST" name="Default suite" finished-at="2022-05-25T17:49:30 IST" duration-ms="66">
    <groups>
    </groups>
    <test started-at="2022-05-25T17:49:30 IST" name="Default test" finished-at="2022-05-25T17:49:30 IST" duration-ms="66">
      <class name="Maven_package.Rest_Assured">
        <test-method signature="rest()[pri:0, instance:Maven_package.Rest_Assured@4738a206]" started-at="2022-05-25T17:49:30 IST" name="rest" finished-at="2022-05-25T17:49:30 IST" duration-ms="10" status="PASS">
          <reporter-output>
          </reporter-output>
        </test-method> <!-- rest -->
      </class> <!-- Maven_package.Rest_Assured -->
    </test> <!-- Default test -->
  </suite> <!-- Default suite -->
</testng-results>
